Oct-20 17:49:14.791 [main] DEBUG nextflow.cli.Launcher - $> nextflow /home/jem/git/tidyflow/src/tests/nextflow/test.nf
Oct-20 17:49:14.884 [main] INFO  nextflow.cli.CmdRun - N E X T F L O W  ~  version 19.07.0
Oct-20 17:49:14.890 [main] INFO  nextflow.cli.CmdRun - Launching `/home/jem/git/tidyflow/src/tests/nextflow/test.nf` [desperate_gilbert] - revision: f1adc1822a
Oct-20 17:49:14.962 [main] DEBUG nextflow.Session - Session uuid: 1d1eb33c-a533-4f3b-a4cd-9517230abcff
Oct-20 17:49:14.962 [main] DEBUG nextflow.Session - Run name: desperate_gilbert
Oct-20 17:49:14.963 [main] DEBUG nextflow.Session - Executor pool size: 4
Oct-20 17:49:14.972 [main] DEBUG nextflow.cli.CmdRun - 
  Version: 19.07.0 build 5106
  Created: 27-07-2019 13:22 UTC (23:22 AEDT)
  System: Linux 5.3.1-050301-generic
  Runtime: Groovy 2.5.6 on OpenJDK 64-Bit Server VM 1.8.0_222-8u222-b10-1ubuntu1~18.04.1-b10
  Encoding: UTF-8 (UTF-8)
  Process: 7062@jem-VirtualBox [127.0.1.1]
  CPUs: 4 - Mem: 7.8 GB (2.2 GB) - Swap: 1.9 GB (1.9 GB)
Oct-20 17:49:15.019 [main] DEBUG nextflow.Session - Work-dir: /home/jem/git/tidyflow/work [ext2/ext3]
Oct-20 17:49:15.019 [main] DEBUG nextflow.Session - Script base path does not exist or is not a directory: /home/jem/git/tidyflow/src/tests/nextflow/bin
Oct-20 17:49:15.093 [main] DEBUG nextflow.Session - Session start invoked
Oct-20 17:49:15.099 [main] DEBUG nextflow.Session - Using default localLib path: /home/jem/git/tidyflow/src/tests/nextflow/lib
Oct-20 17:49:15.102 [main] DEBUG nextflow.Session - Adding to the classpath library: /home/jem/git/tidyflow/src/tests/nextflow/lib
Oct-20 17:49:15.713 [main] DEBUG nextflow.script.ScriptRunner - > Launching execution
Oct-20 17:49:15.915 [main] DEBUG nextflow.script.ScriptRunner - > Await termination 
Oct-20 17:49:15.915 [main] DEBUG nextflow.Session - Session await
Oct-20 17:49:15.915 [main] DEBUG nextflow.Session - Session await > all process finished
Oct-20 17:49:15.915 [main] DEBUG nextflow.Session - Session await > all barriers passed
Oct-20 17:49:15.927 [main] DEBUG nextflow.trace.StatsObserver - Workflow completed > WorkflowStats[succeedCount=0; failedCount=0; ignoredCount=0; cachedCount=0; succeedDuration=0ms; failedDuration=0ms; cachedDuration=0ms]
Oct-20 17:49:16.119 [main] DEBUG nextflow.CacheDB - Closing CacheDB done
Oct-20 17:49:16.132 [main] DEBUG nextflow.script.ScriptRunner - > Execution complete -- Goodbye
